   SW   perc perc perc  query                  position in query    matching     repeat              position in repeat
score   div. del. ins.  sequence               begin end   (left)   repeat       class/family      begin  end    (left)  ID

   13   28.1  0.0  5.2  chr10:102792521:-|246     65   125   (75) + (CACA)n      Simple_repeat          1     58    (0)   1  
  414   28.9  4.3  3.0  chr10:105518295:+|163     11   174   (26) + L2b          LINE/L2             3210   3375    (0)   2  
  230   26.3  5.1  3.0  chr10:105650059:-|186     53   150   (50) C MIRc         SINE/MIR            (14)    254    155   3  
  217   17.9  3.6  0.0  chr10:112156030:+|287    121   176   (24) + L3           LINE/CR1            3909   3966  (133)   4  
   17   27.6  0.0  0.0  chr10:127751101:-|256     81   132   (68) + (CAGA)n      Simple_repeat          1     52    (0)   5  
  232   31.9  2.1  0.0  chr10:128148603:-|148    100   193    (7) + MIRb         SINE/MIR              90    185   (83)   6  
  323   25.6 11.7  2.5  chr10:33272431:+|145       1   180   (20) + MLT1L        LTR/ERVL-MaLR        104    299  (311)   7  
  323   25.6 11.7  2.5  chr10:33272431:+|269       1   180   (20) + MLT1L        LTR/ERVL-MaLR        104    299  (311)   8  
 1191   10.7  4.8  0.5  chr10:47007131:-|236       1   188   (12) + THE1D        LTR/ERVL-MaLR         88    283   (98)   9  
   19    7.0  0.0  0.0  chr10:47008356:+|151      42    71  (129) + (GGGGC)n     Simple_repeat          1     30    (0)  10  
  269   13.2  3.7  1.8  chr10:74057233:+|273     141   194    (6) + MIRc         SINE/MIR             104    158  (110)  11  
  324   18.1  7.1  1.1  chr10:74057258:+|153     116   199    (1) + MIRc         SINE/MIR             104    192   (76)  12  
  404   20.0  2.9  1.9  chr10:74079988:-|176      54   155   (45) C MIRb         SINE/MIR            (69)    199     97  13  
  638   18.2  0.0  0.0  chr10:74080058:-|136       1   110   (90) C AluJb        SINE/Alu            (64)    248    139  14  
  331   18.2  3.9  0.0  chr10:74080058:-|136     124   200    (0) C MIRb         SINE/MIR            (69)    199    120  15  
   17    6.9  0.0  6.1  chr10:80733642:+|277      67   101   (99) + (CGGGGC)n    Simple_repeat          1     33    (0)  16  
   19   20.8  1.7  1.7  chr10:80733642:+|277     112   134   (66) + (CCGGC)n     Simple_repeat          1     23    (0)  17  
   34    0.0  0.0  0.0  chr10:80733642:+|277     135   166   (34) + (CCCGATC)n   Simple_repeat          1     32    (0)  18  
   19   20.8  1.7  1.7  chr10:80733642:+|277     167   200    (0) + (CCGGC)n     Simple_repeat          4     37    (0)  19  
  617    7.2  0.0  0.0  chr10:95225587:-|142     118   200    (0) + AluSx        SINE/Alu               2     84  (228)  20  
   32    7.7  0.0  0.0  chr10:98510652:+|155     130   171   (29) + (A)n         Simple_repeat          1     42    (0)  21  
  847   19.6  5.0  1.6  chr11:12087811:-|260      20   200    (0) + MLT1F2       LTR/ERVL-MaLR        125    311  (249)  22  
  536   11.2  5.3  5.3  chr11:122579969:+|317      1    94  (106) + AluJb        SINE/Alu             197    290   (22)  23  
   14   13.2  2.9  2.9  chr11:1404699:+|165        4    38  (162) + GA-rich      Low_complexity         1     35    (0)  24  
  402   24.9  0.8  7.0  chr11:33713822:-|194       5   125   (75) + MER63B       DNA/hAT-Tip100       321    434    (2)  25  
  202    7.5 10.0  0.0  chr11:56678906:-|268      62   101   (99) + L3           LINE/CR1            4025   4068   (31)  26  
 1430   12.5  0.0  0.0  chr11:59313080:+|305       1   200    (0) C LTR8         LTR/ERV1           (266)    425    226  27  
 1412   12.6  0.0  0.0  chr11:59313083:+|163       1   198    (2) C LTR8         LTR/ERV1           (269)    422    225  28  
  609   19.5  5.9  0.0  chr11:65886917:-|274      80   197    (3) C MER58B       DNA/hAT-Charlie      (0)    341    217  29  
  274    9.6  3.9  0.0  chr11:67778528:+|173     147   198    (2) C LTR54        LTR/ERV1             (2)    508    455  30  
   20   16.7  0.0  0.0  chr11:8739580:-|154        8    41  (159) + G-rich       Low_complexity         1     34    (0)  31  
  497   26.5 18.9  0.0  chr11:93934538:+|179      13   197    (3) + MLT1I        LTR/ERVL-MaLR         72    291  (120)  32  
 1001   21.2  1.1  0.0  chr12:104671274:-|226      7   195    (5) C AluJb        SINE/Alu             (2)    310    120  33  
  270   22.9  0.0  0.0  chr12:104671402:+|205      1    61  (139) + 7SLRNA       srpRNA               260    320    (0)  34  
  228   25.5  7.7  1.0  chr12:118123599:+|209     93   183   (17) + MIRc         SINE/MIR               2     98  (170)  35  
 1123    4.5  0.0  3.8  chr12:12568450:-|210      38   200    (0) + SVA_E        Retroposon/SVA        23    179 (1203)  36  
 1123    4.5  0.0  3.8  chr12:12568450:-|286      38   200    (0) + SVA_E        Retroposon/SVA        23    179 (1203)  37  
  787   17.1  0.6  0.6  chr12:12568576:+|189      41   199    (1) C L1M4         LINE/L1           (2249)   3897   3739  38  
 1399    9.2  2.5  2.0  chr12:132344856:-|178      1   200    (0) C AluY         SINE/Alu            (10)    301    101  39  
 1042    7.7  3.5  0.0  chr12:132344916:+|353      2   144   (56) + AluY         SINE/Alu             157    304    (7)  40  
   23    5.5  0.0  7.3  chr12:132344916:+|353    157   200    (0) + (AAAG)n      Simple_repeat          1     41    (0)  41  
 1256    9.6  2.2  0.6  chr12:132413119:+|213      1   178   (22) + AluSx        SINE/Alu             102    282   (30)  42  
  575   18.2  2.3  0.7  chr12:132970236:+|209     56   188   (12) + MER66A       LTR/ERV1               2    136  (342)  43  
  797   22.1  9.6  0.0  chr12:133337322:-|234      1   199    (1) + MER21B       LTR/ERVL             220    437  (431)  44  
 1174    9.3  6.1  1.0  chr12:133337497:+|355      3   198    (2) C MER21B       LTR/ERVL           (624)    244     39  45  
  305   21.1  0.0  6.5  chr12:46918085:-|168       6    71  (129) + MLT1M        LTR/ERVL-MaLR        192    253  (419)  46  
  474   28.4 11.2  2.0  chr12:46918204:+|329      12   198    (2) C MLT1M        LTR/ERVL-MaLR      (419)    253     50  47  
  298   26.9  0.0  1.3  chr12:47479766:+|331     106   184   (16) C L2b          LINE/L2              (5)   3370   3293  48  
   13    9.8  9.1  0.0  chr12:49254970:-|212     110   142   (58) + (TCCT)n      Simple_repeat          1     36    (0)  49  
   11   16.5  5.9  0.0  chr12:50464540:+|197      53    86  (114) + (CCCCAG)n    Simple_repeat          1     36    (0)  50  
   12   15.5  3.5  0.0  chr12:52541110:-|170      40    68  (132) + (CCCCA)n     Simple_repeat          1     30    (0)  51  
   12   10.7  2.9  6.1  chr12:52545766:-|214      62    95  (105) + (GCCAC)n     Simple_repeat          1     33    (0)  52  
   17   14.7  6.7  0.0  chr12:66135260:-|292      24    68  (132) + (CCCCG)n     Simple_repeat          1     48    (0)  53  
  222   34.2  1.7  2.5  chr12:92987580:-|294      79   198    (2) + L2a          LINE/L2             2962   3080  (346)  54  
   13    4.5  0.0  8.0  chr13:100622158:-|308    164   190   (10) + (CGC)n       Simple_repeat          1     25    (0)  55  
  435   14.7  0.0  1.5  chr13:109921359:-|184      1    69  (131) C HERVH-int    LTR/ERV1          (4154)   3559   3492  56 *
  995   10.6  1.4  0.0  chr13:109921359:-|184     60   200    (0) C HERVH-int    LTR/ERV1          (4423)   3290   3148  56  
  435   14.7  0.0  1.5  chr13:109921359:-|240      1    69  (131) C HERVH-int    LTR/ERV1          (4154)   3559   3492  57 *
  995   10.6  1.4  0.0  chr13:109921359:-|240     60   200    (0) C HERVH-int    LTR/ERV1          (4423)   3290   3148  57  
  567   12.2  0.0  1.2  chr13:109921373:-|310      1    83  (117) C HERVH-int    LTR/ERV1          (4140)   3573   3492  58 *
  923    9.5  1.6  0.0  chr13:109921373:-|310     74   199    (1) C HERVH-int    LTR/ERV1          (4423)   3290   3163  58  
   13   17.8  5.3  0.0  chr13:45009312:-|236      30    67  (133) + G-rich       Low_complexity         1     40    (0)  59  
  661   23.2  1.3  3.9  chr13:95920228:+|219       1   147   (53) + MER77B       LTR/ERVL             243    385  (315)  60  
  392    5.7  0.0  0.0  chr13:95920228:+|219     148   200    (0) + LTR5_Hs      LTR/ERVK               1     53  (915)  61  
   12   20.1  4.7  6.3  chr14:105560350:+|379     95   158   (42) + (CGGAGC)n    Simple_repeat          1     63    (0)  62  
   20    0.0  0.0  0.0  chr14:32425463:-|316      54    75  (125) + (T)n         Simple_repeat          1     22    (0)  63  
  231   22.2  5.6  0.0  chr14:65272403:-|244       5    76  (124) + L2a          LINE/L2             3338   3413   (13)  64  
  210   26.0 14.6  0.0  chr14:65272403:-|244      97   192    (8) C L2b          LINE/L2             (22)   3353   3244  65  
  422   12.8  9.0  0.0  chr14:75046923:+|371     123   200    (0) + MLT1C2       LTR/ERVL-MaLR          1     85  (376)  66  
   12   14.2  7.7  5.7  chr14:89029790:-|186      31    82  (118) + (CCCGCA)n    Simple_repeat          1     53    (0)  67  
   12   14.2  7.7  5.7  chr14:89029790:-|248      31    82  (118) + (CCCGCA)n    Simple_repeat          1     53    (0)  68  
   12   14.2  7.7  5.7  chr14:89029817:-|330      58   109   (91) + (CCCGCA)n    Simple_repeat          1     53    (0)  69  
   14    7.2  6.9  0.0  chr14:90849765:+|213     164   192    (8) + (GCCCTC)n    Simple_repeat          1     31    (0)  70  
  445   17.1  0.0  0.0  chr15:29949239:-|190       1    82  (118) + AluY         SINE/Alu             212    293   (18)  71  
  465   13.9  2.3  0.0  chr15:29949239:-|190      83   168   (32) + LTR12F       LTR/ERV1             432    519    (0)  72  
  660   16.8  0.0  0.0  chr15:29949288:-|250       1   131   (69) + AluY         SINE/Alu             163    293   (18)  73  
  406   11.6  2.9  0.0  chr15:29949288:-|250     132   200    (0) + LTR12F       LTR/ERV1             432    502   (17)  74  
  238   26.7  7.7  4.1  chr15:59158517:-|260       9   125   (75) C MER58A       DNA/hAT-Charlie    (103)    121      1  75  
  248   20.0  0.0  0.0  chr15:59158517:-|260     151   200    (0) + 7SLRNA       srpRNA                 1     50  (270)  76  
  228   34.3  3.7  1.4  chr15:59587471:+|387       2   137   (63) C L2d          LINE/L2            (259)   3166   3028  77  
   18   24.2  1.3  5.6  chr15:69110557:+|243      11    85  (115) + (CCCCGCG)n   Simple_repeat          1     72    (0)  78  
  274   30.9  9.9  0.0  chr15:71084741:+|395       6    86  (114) + MIR3         SINE/MIR              91    179   (29)  79  
   13   21.7  0.0  2.6  chr15:75746736:+|229     160   198    (2) + (GCCCC)n     Simple_repeat          1     38    (0)  80  
  310   13.3  1.7  0.0  chr15:75959097:-|348     117   176   (24) C L2b          LINE/L2             (29)   3346   3286  81  
  228   15.8 12.9  7.4  chr15:90364649:+|399      32   147   (53) C MIRb         SINE/MIR           (111)    157     36  82  
   13   18.9  2.8  0.0  chr15:93352335:-|196     148   189   (11) + (TTTATTT)n   Simple_repeat          1     43    (0)  83  
   22    0.0  0.0  0.0  chr15:93451320:-|356     164   187   (13) + (A)n         Simple_repeat          1     24    (0)  84  
 1300    8.7  9.2  0.5  chr16:12706862:+|405       1   196    (4) + LTR10A       LTR/ERV1             333    545   (64)  85  
  782   19.1  2.1  7.9  chr16:14543721:-|270      13   200    (0) C L1MC         LINE/L1           (2280)   5602   5425  86  
  391   28.6  6.4  2.2  chr16:29829776:-|204      29   200    (0) C L2           LINE/L2            (661)   2758   2580  87  
  647   11.4 10.2  3.2  chr16:29836072:-|206      83   200    (0) C AluSx        SINE/Alu            (10)    302    177  88  
   35    5.1  0.0  0.0  chr16:29994624:-|208     160   200    (0) + (TCC)n       Simple_repeat          1     41    (0)  89  
 1156   15.2  2.1  0.0  chr16:34979764:+|409       9   199    (1) C LTR7C        LTR/ERV1             (1)    470    276  90  
  594   24.8  4.8  1.2  chr16:57928142:+|253      12   178   (22) + L1MC4a       LINE/L1             5779   5951 (1931)  91  
   20   21.3  1.6  3.2  chr16:89314057:+|243     138   200    (0) + G-rich       Low_complexity         1     62    (0)  92  
   12    7.8  3.2  6.7  chr16:89753321:-|284      52    82  (118) + (CCCGC)n     Simple_repeat          1     30    (0)  93  
   12    7.8  3.2  6.7  chr16:89753321:-|384      52    82  (118) + (CCCGC)n     Simple_repeat          1     30    (0)  94  
   21   22.1  5.3  1.3  chr16:9186688:+|403      112   186   (14) + (TTCT)n      Simple_repeat          1     78    (0)  95  
   21   22.1  5.3  1.3  chr16:9186731:+|249       69   143   (57) + (TTCT)n      Simple_repeat          1     78    (0)  96  
  744   15.5  9.7  0.5  chr17:18825583:-|224       5   179   (21) + L1M4         LINE/L1             5572   5762  (416)  97  
   20   11.0  0.0  4.9  chr17:19650547:-|226     158   200    (0) + (ATATATT)n   Simple_repeat          1     41    (0)  98  
  258   30.7  2.0  1.0  chr17:27025752:+|267      99   200    (0) + L3           LINE/CR1            3495   3597  (502)  99  
  195   17.0  7.1  2.3  chr17:36075060:+|251      34   124   (76) + L2a          LINE/L2             2970   3073  (353) 100  
  195   17.0  7.1  2.3  chr17:36075060:+|429      34   124   (76) + L2a          LINE/L2             2970   3073  (353) 101  
  213   25.9  0.0  0.0  chr17:36112805:+|269     145   198    (2) C MIRb         SINE/MIR            (42)    226    173 102  
  213   25.9  0.0  0.0  chr17:36112805:+|431     145   198    (2) C MIRb         SINE/MIR            (42)    226    173 103  
  281   27.2  2.5  0.0  chr17:36112850:+|253     100   180   (20) C MIRb         SINE/MIR            (42)    226    144 104  
  271   28.3 11.8  0.7  chr17:38705869:+|255      62   196    (4) C Eutr16       DNA/hAT-Tip100     (458)    302    153 105  
  506   18.0 14.1  0.0  chr17:38707501:-|416      73   200    (0) + MIR          SINE/MIR               8    153  (109) 106  
  409   29.2  4.1  0.0  chr17:38707664:+|257       6   150   (50) C MIR          SINE/MIR           (115)    153      1 107  
  409   29.2  4.1  0.0  chr17:38707664:+|275       6   150   (50) C MIR          SINE/MIR           (115)    153      1 108  
  313   23.3  3.3  1.1  chr17:41445456:-|300     107   197    (3) + U2           snRNA                  6     98   (90) 109  
  313   23.3  3.3  1.1  chr17:41445456:-|420     107   197    (3) + U2           snRNA                  6     98   (90) 110  
   18   19.6  0.0  0.0  chr17:42164301:-|234      28    62  (138) + (C)n         Simple_repeat          1     35    (0) 111  
   23   12.8  0.0  2.3  chr17:48140073:+|443      50    94  (106) + (GCCCT)n     Simple_repeat          1     44    (0) 112  
   23   12.8  0.0  2.3  chr17:48140115:+|281       8    52  (148) + (GCCCT)n     Simple_repeat          1     44    (0) 113  
   12    0.0  0.0  5.3  chr17:55938610:+|267       3    22  (178) + (GGA)n       Simple_repeat          1     19    (0) 114  
 1588    7.0  0.0  0.5  chr17:57860436:-|240       1   200    (0) C AluY         SINE/Alu            (50)    261     63 115  
  487    4.9  0.0  0.0  chr17:57919716:-|314       1    61  (139) C AluSx        SINE/Alu           (251)     61      1 116  
  314   29.1  0.0  0.0  chr17:60869675:+|289      80   165   (35) + MIRb         SINE/MIR              67    152  (116) 117  
   13    0.0  5.0  0.0  chr17:61907506:+|291     162   181   (19) + (GGT)n       Simple_repeat          1     21    (0) 118  
   13    0.0  5.0  0.0  chr17:61907647:+|275      21    40  (160) + (GGT)n       Simple_repeat          1     21    (0) 119  
   13    0.0  5.0  0.0  chr17:61907647:+|451      21    40  (160) + (GGT)n       Simple_repeat          1     21    (0) 120  
   12   12.6  0.0  3.7  chr17:7745537:-|220      171   198    (2) + (GCCGC)n     Simple_repeat          1     27    (0) 121  
   16   24.0  3.9  1.9  chr17:7746052:-|222       76   126   (74) + (AC)n        Simple_repeat          1     52    (0) 122  
   16   24.0  3.9  1.9  chr17:7746052:-|286       76   126   (74) + (AC)n        Simple_repeat          1     52    (0) 123  
   16   24.0  3.9  1.9  chr17:7746058:-|396       82   132   (68) + (AC)n        Simple_repeat          1     52    (0) 124  
   20   16.1  2.4  0.0  chr17:7796811:-|398      149   200    (0) + (CTG)n       Simple_repeat          1     53    (0) 125  
   17    0.0  0.0  0.0  chr18:12883798:-|322      11    29  (171) + (A)n         Simple_repeat          1     19    (0) 126  
   17    0.0  0.0  0.0  chr18:12883818:-|254      31    49  (151) + (A)n         Simple_repeat          1     19    (0) 127  
   17    0.0  0.0  0.0  chr18:12883819:-|458      32    50  (150) + (A)n         Simple_repeat          1     19    (0) 128  
   28   21.3  3.3  3.3  chr18:45688054:-|258       1    92  (108) + G-rich       Low_complexity         1     92    (0) 129  
   28   21.3  3.3  3.3  chr18:45688055:-|464       2    93  (107) + G-rich       Low_complexity         1     92    (0) 130  
  330   26.5 12.7  3.9  chr18:74777275:-|326       1   200    (0) + MSTC         LTR/ERVL-MaLR         87    337   (91) 131  
 1575    8.2  0.0  0.0  chr18:7921584:+|301        1   194    (6) C AluY         SINE/Alu           (117)    194      1 132  
 1575    8.2  0.0  0.0  chr18:7921584:+|457        1   194    (6) C AluY         SINE/Alu           (117)    194      1 133  
  995   18.0  3.5  0.0  chr18:7922603:+|459        1   200    (0) C L1M3f        LINE/L1           (5066)    262     56 134  
  274   27.2  7.4  0.0  chr19:11254092:-|260       1    81  (119) C MER20        DNA/hAT-Charlie    (113)    106     20 135  
   12   20.1  0.0  9.1  chr19:12895082:+|469     135   182   (18) + (ACAG)n      Simple_repeat          1     44    (0) 136  
   16    9.4 10.6  2.0  chr19:13039594:+|471      15    61  (139) + (CTGCCC)n    Simple_repeat          1     51    (0) 137  
  736   18.9  0.8  0.0  chr19:13969653:+|475      74   200    (0) C AluJb        SINE/Alu            (54)    258    131 138  
   40   11.4  0.0  0.0  chr19:14182076:+|295     142   200    (0) + (A)n         Simple_repeat          1     59    (0) 139  
  239   19.1  0.0  0.0  chr19:18133211:+|299      20    66  (134) + MLT1K        LTR/ERVL-MaLR        201    247  (348) 140  
   16   22.1  0.0  0.0  chr19:18485524:+|301      35    66  (134) + G-rich       Low_complexity         1     32    (0) 141  
   19   12.9  2.2  4.4  chr19:19216617:+|481      26    71  (129) + (GCCCC)n     Simple_repeat          1     45    (0) 142  
 1090   22.3  0.0  0.0  chr19:32864029:-|478       3   199    (1) + MLT1A0       LTR/ERVL-MaLR         24    220  (145) 143  
  186   12.5  0.0  0.0  chr19:39564350:-|484     169   200    (0) C MIRc         SINE/MIR           (126)    142    111 144  
  594   14.6  3.9  0.0  chr19:39564641:+|331      76   178   (22) + AluSx        SINE/Alu             206    312    (0) 145  
   12   18.3  0.0  3.1  chr19:46273922:-|268       9    41  (159) + G-rich       Low_complexity         1     32    (0) 146  
  186   30.6  0.0  3.2  chr19:46702406:+|335      72   169   (31) + MIR3         SINE/MIR               3     97  (111) 147  
  509   24.0  0.0  2.5  chr19:6744065:+|313       62   185   (15) C AluJb        SINE/Alu             (2)    310    190 148  
   18   21.4  0.0  4.4  chr19:8674649:+|467       89   135   (65) + (CA)n        Simple_repeat          1     45    (0) 149  
   18   21.4  0.0  4.4  chr19:8674677:+|291       61   107   (93) + (CA)n        Simple_repeat          1     45    (0) 150  
   18    8.5  0.0  0.0  chr1:148241463:+|7         2    26  (174) + (G)n         Simple_repeat          1     25    (0) 151  
  797    5.2  0.0  1.0  chr1:148241463:+|7       103   200    (0) + U1           snRNA                  1     97   (68) 152  
  185   28.3  8.0  1.1  chr1:15495351:+|1          3   119   (81) + X7C_LINE     LINE/CR1              92    242    (8) 153  
   16    0.0  0.0  0.0  chr1:160237093:-|22       20    36  (164) + (A)n         Simple_repeat          1     17    (0) 154  
   13   17.5  4.9  2.4  chr1:161359716:-|24      140   180   (20) + (AGCGG)n     Simple_repeat          1     42    (0) 155  
   13   18.1  5.3  0.0  chr1:161697028:+|35       24    61  (139) + (CCGCCCA)n   Simple_repeat          1     40    (0) 156  
  217   31.5  3.7  0.9  chr1:186818682:+|29       45   153   (47) + L2           LINE/L2             2898   3009  (410) 157  
   15   23.9  0.0  2.2  chr1:200865541:-|26      137   182   (18) + (CACC)n      Simple_repeat          1     45    (0) 158  
  209   28.1  0.0  0.0  chr1:201458685:+|41      132   195    (5) + MIRc         SINE/MIR              51    114  (154) 159  
  213   28.8  1.4  0.0  chr1:201987937:-|12       12    84  (116) C L2c          LINE/L2             (61)   3326   3253 160  
  293   27.0  0.0  0.0  chr1:202016459:+|17       13    86  (114) C L2b          LINE/L2              (4)   3371   3298 161  
  455   19.2 23.9  0.4  chr1:204386781:-|30        7   194    (6) C L2           LINE/L2           (2143)   1276   1045 162  
   12   19.4  0.0  5.4  chr1:234735833:-|34       24    62  (138) + (CGCCC)n     Simple_repeat          1     37    (0) 163  
  257   25.4  1.6  0.0  chr1:23912523:+|7        133   195    (5) + MIRb         SINE/MIR              41    104  (164) 164  
   19    3.7  0.0  3.5  chr1:44447052:-|16       125   154   (46) + (TGC)n       Simple_repeat          1     29    (0) 165  
   13   17.9  6.5  4.8  chr1:47799976:+|19        26    87  (113) + (CCGCCGG)n   Simple_repeat          1     63    (0) 166  
  583   27.6  4.1  0.0  chr1:8121276:-|4           2   171   (29) + MIR          SINE/MIR              63    239   (23) 167  
   31    0.0  0.0  0.0  chr1:8121276:-|4         172   200    (0) + (TTA)n       Simple_repeat          1     29    (0) 168  
 1309   12.5  6.5  0.0  chr20:10333002:-|500       1   200    (0) + LTR35        LTR/ERV1             362    574   (34) 169  
  436   22.2  5.8  3.2  chr20:16510872:-|502       1   121   (79) C MLT1F2       LTR/ERVL-MaLR      (436)    124      1 170  
  546   22.0  2.3  7.3  chr20:16510994:+|343       2   173   (27) + MLT1F2       LTR/ERVL-MaLR         50    213  (347) 171  
  304   30.5  4.2  0.0  chr20:19861461:+|325      16   110   (90) C L2b          LINE/L2              (0)   3375   3277 172  
  304   30.5  4.2  0.0  chr20:19861461:+|345      16   110   (90) C L2b          LINE/L2              (0)   3375   3277 173  
  304   30.5  4.2  0.0  chr20:19861461:+|513      16   110   (90) C L2b          LINE/L2              (0)   3375   3277 174  
  736   19.7  0.0  0.0  chr20:25218678:+|327      47   193    (7) C L1M5         LINE/L1            (381)   5792   5646 175  
  536   28.1  0.7  0.0  chr20:36008795:-|288       2   136   (64) C MIR          SINE/MIR            (47)    215     80 176  
  188   34.2  9.4  0.6  chr20:4130885:-|278        8   166   (34) C L2           LINE/L2           (1432)   1987   1815 177  
   13   32.3  1.6  0.0  chr20:44563716:-|362      93   153   (47) + (GGCGGA)n    Simple_repeat          1     62    (0) 178  
  688   19.1  6.1  1.9  chr20:46008777:+|521       1   197    (3) C L2           LINE/L2            (990)   2429   2225 179  
  534   24.9 14.0  1.5  chr20:46020836:-|510       1   179   (21) + MLT1J        LTR/ERVL-MaLR        164    364  (148) 180  
   16    8.7  0.0  0.0  chr20:49983333:+|351      39    63  (137) + (CAT)n       Simple_repeat          1     25    (0) 181  
  204   30.6  3.6  1.8  chr20:49983333:+|351      64   173   (27) C MIR          SINE/MIR             (0)    262    151 182  
   16    8.7  0.0  0.0  chr20:49983334:+|527      38    62  (138) + (CAT)n       Simple_repeat          1     25    (0) 183  
  204   30.6  3.6  1.8  chr20:49983334:+|527      63   172   (28) C MIR          SINE/MIR             (0)    262    151 184  
  288   21.9  3.2  7.8  chr20:50366370:+|333       1    94  (106) + L1ME4b       LINE/L1             6027   6116   (29) 185  
  218   33.9  1.5  3.0  chr20:50367140:+|529      58   191    (9) C MIRb         SINE/MIR            (21)    247    116 186  
  360   31.1  2.5  0.0  chr20:50368999:-|514      62   183   (17) C L2a          LINE/L2              (1)   3425   3301 187  
  382   20.7 10.5  6.7  chr20:56292986:-|364      23   141   (59) C L2b          LINE/L2             (10)   3454   3266 188  
  382   20.7 10.5  6.7  chr20:56292986:-|516      23   141   (59) C L2b          LINE/L2             (10)   3454   3266 189  
  934   20.0 13.0  0.0  chr21:39695661:-|368       1   200    (0) + MLT1F1       LTR/ERVL-MaLR        294    519   (50) 190  
  578   21.6  0.0 10.3  chr21:45032586:+|551      15   164   (36) + AluJb        SINE/Alu              85    220   (92) 191  
 1795    0.0  0.0  0.0  chr21:9827423:-|302        1   200    (0) C SSU-rRNA_Hsa rRNA              (1350)    519    320 192  
 1846    0.0  0.0  0.0  chr21:9827462:-|366        1   200    (0) C SSU-rRNA_Hsa rRNA              (1311)    558    359 193  
  383    0.0  0.0  0.0  chr21:9827642:+|537        1    41  (159) + SSU-rRNA_Hsa rRNA                 538    578 (1291) 194 *
  811   15.9 11.7  0.0  chr21:9827642:+|537       38   200    (0) + L1PA10       LINE/L1             5878   6059  (109) 195  
  231   26.5  0.0  0.0  chr22:28065407:-|530     119   186   (14) C MIR3         SINE/MIR            (77)    131     64 196  
   16    0.0  3.9  3.9  chr22:30606393:-|370     171   196    (4) + (CCT)n       Simple_repeat          1     26    (0) 197  
  237   28.4  1.5  0.0  chr22:35709638:+|563       1    67  (133) C MIRc         SINE/MIR           (105)    163     96 198  
 1204   18.2  0.5  0.5  chr22:40894466:-|538       2   200    (0) + AluJb        SINE/Alu              24    222   (90) 199  
  203   22.1  0.0  0.0  chr22:44759715:+|571     143   189   (11) C MIR1_Amn     SINE/MIR            (50)    158    112 200  
  532   26.3  4.6  0.6  chr22:46000150:-|312       1   153   (47) C MIRb         SINE/MIR            (59)    209     51 201  
  532   26.3  4.6  0.6  chr22:46000150:-|376       1   153   (47) C MIRb         SINE/MIR            (59)    209     51 202  
  336   27.2 12.1  2.1  chr22:46106028:+|575      21   193    (7) + L2           LINE/L2             2782   2971  (448) 203  
   23    0.0  2.9  2.9  chr22:48887159:+|345     125   159   (41) + (AGAGG)n     Simple_repeat          1     35    (0) 204  
  187   21.1  0.0  0.0  chr2:101730507:+|43       31    68  (132) C L2d          LINE/L2             (14)   3411   3374 205  
  192   19.4  6.9  6.9  chr2:101744226:+|45       77   148   (52) C MIR3         SINE/MIR            (52)    156     85 206  
  285   16.9 17.3  3.4  chr2:10260561:+|51        96   199    (1) C SVA_E        Retroposon/SVA    (1069)    313    196 207  
  409   28.9  3.7  1.2  chr2:10592459:-|40         9   169   (31) C MARNA        DNA/TcMar-Mariner  (120)    466    302 208  
   15   19.3  4.1  2.0  chr2:128145552:-|32       54   102   (98) + (GCGCGAC)n   Simple_repeat          1     50    (0) 209  
   15   19.3  4.1  2.0  chr2:128145552:-|46       54   102   (98) + (GCGCGAC)n   Simple_repeat          1     50    (0) 210  
   15   19.3  4.1  2.0  chr2:128145552:-|58       54   102   (98) + (GCGCGAC)n   Simple_repeat          1     50    (0) 211  
   23   10.0  0.0  0.0  chr2:152145846:+|37       22    54  (146) + (A)n         Simple_repeat          1     33    (0) 212  
  231   15.4  9.6  0.0  chr2:162017589:+|47        8    59  (141) C SVA_C        Retroposon/SVA     (481)    903    847 213  
   16   16.1  0.0  0.0  chr2:219265303:+|81       53    80  (120) + (C)n         Simple_repeat          1     28    (0) 214  
  362   28.8  4.8  8.2  chr2:223707881:+|51        5   193    (7) C MLT1K        LTR/ERVL-MaLR      (342)    253     71 215  
 1323   13.0  0.5  1.6  chr2:233721305:-|54        4   199    (1) C AluSx        SINE/Alu            (29)    283     90 216  
  271   19.1  1.5  3.1  chr2:238392190:-|58        4    68  (132) C MIR3         SINE/MIR            (77)    131     68 217  
   21   16.6  0.0  4.1  chr2:241505922:-|38       15    65  (135) + (CGCCC)n     Simple_repeat          1     49    (0) 218  
   17    6.1  5.6  2.7  chr2:26220893:+|33       165   200    (0) + (TTTC)n      Simple_repeat          1     37    (0) 219  
 1062   10.1  0.0  0.0  chr2:26981132:+|29         1   139   (61) C MER41B       LTR/ERV1           (494)    140      2 220  
  504    8.2  0.0  0.0  chr2:54800314:+|61       138   198    (2) C MER1B        DNA/hAT-Charlie      (1)    338    278 221  
 1043   18.0  0.7  0.1  chr2:71725770:+|63         3   200    (0) C LTR8         LTR/ERV1           (378)    313    114 222  
  418   25.8  0.0  1.7  chr2:85648691:+|37        53   174   (26) C L2b          LINE/L2             (11)   3364   3245 223  
  755   14.1  3.5  3.5  chr2:86922323:-|30         2   199    (1) C LTR10A       LTR/ERV1           (331)    278     81 224  
   28   13.7  1.7  3.4  chr2:8819078:+|49        121   180   (20) + (CCG)n       Simple_repeat          1     59    (0) 225  
   30    0.0  6.1  0.0  chr3:10233828:+|47         1    33  (167) + (GT)n        Simple_repeat          1     35    (0) 226  
   12    5.6  0.0  0.0  chr3:10291065:-|62        27    45  (155) + (GGA)n       Simple_repeat          1     19    (0) 227  
  485   17.4  2.3  1.1  chr3:111300937:-|94      108   194    (6) + LTR16C       LTR/ERVL             204    291  (198) 228  
  349   24.2  4.8  0.0  chr3:141056136:-|80       80   186   (14) + L1ME3G       LINE/L1             5795   5907  (343) 229  
  598   26.8  4.4  0.0  chr3:165177763:-|100      17   199    (1) + LTR16A1      LTR/ERVL             205    395   (61) 230  
   13   22.6  0.0  0.0  chr3:171858583:+|113     146   181   (19) + (TTATAT)n    Simple_repeat          1     36    (0) 231  
   14   15.6  0.0  0.0  chr3:46734239:+|49        34    62  (138) + G-rich       Low_complexity         1     29    (0) 232  
   14   23.2  2.1  2.1  chr3:49045284:-|86         1    47  (153) + (CTC)n       Simple_repeat          1     47    (0) 233  
   14    8.8  0.0  0.0  chr3:5055272:+|93         72    95  (105) + (CTCC)n      Simple_repeat          1     24    (0) 234  
  320   19.0  0.0  0.0  chr3:5063639:+|95        115   172   (28) + MLT1K        LTR/ERVL-MaLR          8     65  (530) 235  
 1226   14.1  0.5  3.1  chr3:53273085:-|52         3   200    (0) C THE1B        LTR/ERVL-MaLR      (127)    237     45 236  
 1226   14.1  0.5  3.1  chr3:53273085:-|74         3   200    (0) C THE1B        LTR/ERVL-MaLR      (127)    237     45 237  
  186   17.9  5.1  0.0  chr3:57969710:+|61         1    39  (161) C MIRc         SINE/MIR           (113)    155    115 238  
  257   32.8  3.7  4.6  chr3:8498300:+|99          1   154   (46) C L2c          LINE/L2            (239)   3148   2994 239  
  253   20.8  8.7  2.7  chr4:123749169:-|88        1   104   (96) C MIRb         SINE/MIR            (76)    192     83 240  
  795    9.3  0.0  0.0  chr4:129002932:-|60        3   109   (91) + AluSx        SINE/Alu             160    266   (46) 241  
 1316    9.5  0.0  0.0  chr4:31997990:-|86         1   200    (0) C LTR12C       LTR/ERV1          (1315)    264     65 242  
   13    4.2  8.0  0.0  chr4:74863309:-|58       152   176   (24) + (TTTG)n      Simple_repeat          1     27    (0) 243  
   20   33.8  0.0  3.1  chr4:88813682:-|112       11   111   (89) + (TCTTCA)n    Simple_repeat          1     98    (0) 244  
   21    0.0  0.0  0.0  chr5:107008207:-|126      78   100  (100) + (A)n         Simple_repeat          1     23    (0) 245  
   21    0.0  0.0  0.0  chr5:107008207:-|70       78   100  (100) + (A)n         Simple_repeat          1     23    (0) 246  
  207   24.0  0.0  4.0  chr5:150442813:-|106      42    93  (107) C MIR          SINE/MIR             (4)    258    209 247  
  189   20.0  0.0  0.0  chr5:150442813:-|106     159   193    (7) C MIR3         SINE/MIR            (65)    143    109 248  
  369   29.4  2.3  5.8  chr5:156891109:+|141      24   200    (0) C L2c          LINE/L2            (151)   3236   3066 249  
  411   28.3  6.4  3.1  chr5:16894604:-|64        44   200    (0) C MIR          SINE/MIR            (66)    196     35 250  
  360   26.4  6.9  4.4  chr5:16894623:-|96        52   198    (2) C MIRb         SINE/MIR            (50)    218     60 251  
  207   21.1  1.9  0.0  chr5:172358529:+|151       8    59  (141) C L2c          LINE/L2             (45)   3342   3290 252  
  687   22.5  0.5 13.9  chr5:172881640:+|153       5   200    (0) + MLT1F1       LTR/ERVL-MaLR         93    265  (304) 253  
   15   12.2  0.0  0.0  chr5:175300022:-|74        4    30  (170) + (GGGT)n      Simple_repeat          1     27    (0) 254  
   13   16.1  5.6  5.6  chr5:175300022:-|74       31    54  (146) + G-rich       Low_complexity         4     54    (0) 255  
  997   19.9  0.5  0.0  chr5:32760306:-|66        10   200    (0) + L1M5         LINE/L1             5579   5770  (394) 256  
  418   14.0  0.5 24.8  chr5:34245002:+|81         1   200    (0) C LTR12E       LTR/ERV1           (780)    542    382 257  
  417   13.3  0.5 24.8  chr5:34245012:+|63         1   200    (0) C LTR12E       LTR/ERV1           (790)    532    372 258  
  396   31.8  1.2  0.6  chr5:52332027:-|124       29   199    (1) C L2           LINE/L2            (635)   2784   2613 259  
  328   18.7 13.8  9.0  chr5:59086374:-|98         3   200    (0) C Charlie30a   DNA/hAT-Charlie    (426)    365    222 260  
   23   18.7  0.0  0.0  chr5:77081911:+|133      103   145   (55) + (T)n         Simple_repeat          1     43    (0) 261  
   23   18.7  0.0  0.0  chr5:77081911:+|65       103   145   (55) + (T)n         Simple_repeat          1     43    (0) 262  
   23   18.7  0.0  0.0  chr5:77081911:+|87       103   145   (55) + (T)n         Simple_repeat          1     43    (0) 263  
   45   10.4  0.0  0.0  chr5:93018856:+|137      119   190   (10) + (TCA)n       Simple_repeat          1     72    (0) 264  
   45   10.4  0.0  0.0  chr5:93018856:+|67       119   190   (10) + (TCA)n       Simple_repeat          1     72    (0) 265  
  329   11.9 13.6  0.0  chr6:10452140:-|134      136   194    (6) C MER21B       LTR/ERVL            (25)    843    777 266  
  329   11.9 13.6  0.0  chr6:10452140:-|76       136   194    (6) C MER21B       LTR/ERVL            (25)    843    777 267  
 1062    9.3 12.6  2.8  chr6:145244514:+|177       2   200    (0) + LTR7         LTR/ERV1             104    321  (129) 268  
 1139    6.3  0.0  0.0  chr6:145244703:+|85        1   142   (58) + LTR7Y        LTR/ERV1             331    472    (0) 269  
  421   10.3  0.0  0.0  chr6:145244703:+|85      143   200    (0) + HERVH-int    LTR/ERV1               1     58 (7655) 269  
  623    9.8  0.0  0.0  chr6:160658680:-|154       1    82  (118) C MER41B       LTR/ERV1           (550)     84      3 270  
  747   15.4  0.0  0.0  chr6:160658680:-|154      84   200    (0) C MER41-int    LTR/ERV1             (1)   5945   5829 270  
   28    0.0  0.0  0.0  chr6:21589179:-|138       54    84  (116) + (A)n         Simple_repeat          1     31    (0) 271  
   11   11.1  6.9  0.0  chr6:30716753:-|110       22    50  (150) + (GGAATG)n    Simple_repeat          1     31    (0) 272  
   11   11.1  6.9  0.0  chr6:30716864:-|78       133   161   (39) + (GGAATG)n    Simple_repeat          1     31    (0) 273  
  271   28.5  5.3  9.2  chr6:30737925:-|112       26   195    (5) C L2c          LINE/L2            (211)   3176   3013 274  
   16   14.8  0.0  5.1  chr6:43970274:+|171       22    62  (138) + (CCCCG)n     Simple_repeat          1     39    (0) 275  
   16   14.8  0.0  5.1  chr6:43970274:+|83        22    62  (138) + (CCCCG)n     Simple_repeat          1     39    (0) 276  
   12   16.8  3.7  7.7  chr6:86174576:-|150      103   156   (44) + (CACCCT)n    Simple_repeat          1     52    (0) 277  
   24   17.9  0.0  0.0  chr7:100765468:+|103      94   137   (63) + GA-rich      Low_complexity         1     44    (0) 278  
   24   17.9  0.0  0.0  chr7:100765468:+|209      94   137   (63) + GA-rich      Low_complexity         1     44    (0) 279  
  226   18.1  0.0 13.3  chr7:100766483:+|105       1    51  (149) + SVA_D        Retroposon/SVA       186    230 (1156) 280  
  492   30.9  8.1  1.4  chr7:102516333:-|164       4   200    (0) + LTR33A_v     LTR/ERVL             141    350  (181) 281  
   12   24.4  2.6  0.0  chr7:112090843:+|107      50    88  (112) + (GGC)n       Simple_repeat          1     40    (0) 282  
   32   21.5  1.9  4.8  chr7:127975968:+|213      69   174   (26) + (TTCATC)n    Simple_repeat          1    103    (0) 283  
   12    8.5  0.0  7.4  chr7:129420249:+|215       1    29  (171) + (GGCGG)n     Simple_repeat          1     27    (0) 284  
  186   22.4  6.6  6.6  chr7:134132343:-|92       95   185   (15) + MIR          SINE/MIR               4     94  (168) 285  
  571   11.0  3.7  0.0  chr7:134248023:+|111     119   200    (0) + AluSx        SINE/Alu               1     85  (227) 286  
  571   11.0  3.7  0.0  chr7:134248023:+|121     119   200    (0) + AluSx        SINE/Alu               1     85  (227) 287  
   34    0.0  0.0  0.0  chr7:141374124:-|130     166   194    (6) + (TG)n        Simple_repeat          1     29    (0) 288  
  687   25.3  1.5  0.5  chr7:158225837:+|113       6   200    (0) C L1ME3        LINE/L1            (260)   5902   5706 289  
   14   20.8  0.0  0.0  chr7:26233206:+|109      148   180   (20) + (TCC)n       Simple_repeat          1     33    (0) 290  
   14   20.8  0.0  0.0  chr7:26233209:+|195      145   177   (23) + (TCC)n       Simple_repeat          1     33    (0) 291  
  461   23.5  4.1  5.3  chr7:32709063:+|111       12   182   (18) + MER76        LTR/ERVL             269    437  (254) 292  
  607   10.7  0.0  0.0  chr7:4779628:+|89        117   200    (0) + AluSx        SINE/Alu               1     84  (228) 293  
  221   24.0  4.0  0.0  chr7:5589237:+|191       123   197    (3) C L2c          LINE/L2            (198)   3189   3112 294  
   13   19.9  0.0  7.0  chr7:5594921:+|193         6    51  (149) + (CCCGC)n     Simple_repeat          1     43    (0) 295  
 1280   16.0  0.0  0.0  chr7:76637313:-|90         1   200    (0) + AluSx        SINE/Alu              97    296   (16) 296  
  206   33.8  0.0  0.0  chr7:95070432:-|124       38   114   (86) + L2           LINE/L2             2328   2404 (1015) 297  
  795   13.2 11.6  8.2  chr8:107072087:-|186       1   190   (10) C LTR26        LTR/ERV1           (284)    319    124 298  
 1077   13.4  4.1  4.6  chr8:107072212:-|104       1   195    (5) C LTR26        LTR/ERV1           (158)    445    252 299  
 1225   17.2  0.5  0.0  chr8:107072327:+|119       3   200    (0) + LTR26        LTR/ERV1             361    559   (44) 300  
  252   33.4  4.7  0.7  chr8:123588366:+|121      60   189   (11) + MIRc         SINE/MIR              35    167  (101) 301  
   15    4.2  0.0  7.4  chr8:128883263:+|235      34    62  (138) + (CTC)n       Simple_repeat          1     27    (0) 302  
   15    4.2  0.0  7.4  chr8:128883292:+|125       5    33  (167) + (CTC)n       Simple_repeat          1     27    (0) 303  
  321   24.4  4.7  0.0  chr8:139805803:+|237       1    86  (114) C MIRc         SINE/MIR           (123)    145     56 304  
 1657    3.5  0.0  0.0  chr8:142212881:-|106       1   200    (0) + SVA_D        Retroposon/SVA       314    513  (873) 305  
  461   26.0  3.3  1.9  chr8:142267916:+|127       2   154   (46) + MER20        DNA/hAT-Charlie       65    219    (0) 306  
  456   25.7  3.3  2.0  chr8:142267919:+|135       1   151   (49) + MER20        DNA/hAT-Charlie       67    219    (0) 307  
  456   25.7  3.3  2.0  chr8:142267919:+|239       1   151   (49) + MER20        DNA/hAT-Charlie       67    219    (0) 308  
  287   26.6 17.6  1.4  chr8:25040166:-|142       14   200    (0) C L2a          LINE/L2            (168)   3258   3042 309  
  270   33.1  3.5  0.0  chr8:25045235:-|144        7   148   (52) C L2d2         LINE/L2            (406)   3058   2912 310  
  415   29.8  8.4  1.0  chr8:25053130:-|146        7   196    (4) C L2a          LINE/L2            (266)   3160   2957 311  
  889    8.3  9.8  5.3  chr8:27730967:-|94         2   197    (3) C LTR7         LTR/ERV1           (195)    255      1 312  
   18   18.4  0.0  0.0  chr8:61591632:-|96        36    72  (128) + (GCC)n       Simple_repeat          1     37    (0) 313  
  337   16.0  0.0  0.0  chr9:105967253:-|118       1    50  (150) C SVA_D        Retroposon/SVA     (994)    392    343 314  
  337   16.0  0.0  0.0  chr9:105967253:-|162       1    50  (150) C SVA_D        Retroposon/SVA     (994)    392    343 315  
   13   25.4  0.0  8.3  chr9:130727923:-|126     129   193    (7) + G-rich       Low_complexity         1     60    (0) 316  
   12   14.2  3.0  3.0  chr9:131937160:-|224       5    37  (163) + (CTCC)n      Simple_repeat          1     33    (0) 317  
   17   10.1  4.2  6.4  chr9:131937182:-|166      12    59  (141) + (CCCT)n      Simple_repeat          1     47    (0) 318  
  554    2.7  1.4  0.0  chr9:132251581:-|132       1    73  (127) + AluSx        SINE/Alu             228    301   (11) 319  
   15   16.5  2.9  0.0  chr9:22129411:+|243      109   142   (58) + (GGT)n       Simple_repeat          1     35    (0) 320  
  324   12.5  0.0  3.6  chr9:35492209:-|204       56   113   (87) + MER53        DNA/hAT-Blackjack      6     61  (132) 321 *
  401   12.3  0.0  0.0  chr9:35492209:-|204       92   148   (52) + MER53        DNA/hAT-Blackjack    136    192    (1) 322  
  870    4.0  0.0  0.0  chr9:37885529:-|112       40   139   (61) + AluY         SINE/Alu              96    195  (116) 323  
 1550    8.0  0.0  0.0  chrX:122782675:+|363       2   200    (0) + L1P3         LINE/L1              716    914 (5547) 324  
  452    7.0  1.4  0.0  chrX:122980774:+|365       1    71  (129) + LTR8B        LTR/ERV1             576    647  (173) 325  
  575   15.1 25.4  0.0  chrX:122980774:+|365      73   198    (2) + AluSx        SINE/Alu             120    277   (35) 326  
