   SW   perc perc perc  query                  position in query    matching     repeat              position in repeat
score   div. del. ins.  sequence               begin end   (left)   repeat       class/family      begin  end    (left)  ID

   15   19.7  0.0  0.0  chr10:102792616:+|245     14    42  (158) + (GT)n        Simple_repeat          1     29    (0)   1  
  284   33.3  7.1  3.7  chr10:105518199:-|164     16   199    (1) C L2c          LINE/L2             (70)   3317   3128   2  
  428   18.9 11.1  5.8  chr10:33272312:-|146       7   186   (14) C MLT1L        LTR/ERVL-MaLR      (420)    190      2   3  
  428   18.9 11.1  5.8  chr10:33272314:-|270       9   188   (12) C MLT1L        LTR/ERVL-MaLR      (420)    190      2   4  
  908   16.0  0.0  0.0  chr10:33282046:+|233      70   200    (0) + AluSx        SINE/Alu               1    131  (181)   5  
   21   10.7  0.0  0.0  chr10:3852620:+|227      171   200    (0) + (A)n         Simple_repeat          1     30    (0)   6  
  617    8.9  0.0  0.0  chr10:47007340:+|235       1    79  (121) C THE1D        LTR/ERVL-MaLR      (302)     79      1   7  
   19    7.0  0.0  0.0  chr10:47008247:-|152      22    51  (149) + (GCCCC)n     Simple_repeat          1     30    (0)   8  
  394   16.9  1.3  0.0  chr10:74056998:-|274     123   199    (1) + 7SLRNA       srpRNA                 1     78  (242)   9  
 1033   15.6  0.0  0.0  chr10:74080131:+|175      19   178   (22) + AluJb        SINE/Alu             139    298   (14)  10  
 1006   15.9  0.0  0.0  chr10:74080152:+|135       1   157   (43) + AluJb        SINE/Alu             142    298   (14)  11  
  195   20.0 15.0  0.0  chr10:74080545:-|160      17    76  (124) C MIR1_Amn     SINE/MIR            (75)    155     87  12  
  195   20.0 15.0  0.0  chr10:74080559:-|276      31    90  (110) C MIR1_Amn     SINE/MIR            (75)    155     87  13  
   18    7.6  3.6  0.0  chr10:80732947:-|162     142   169   (31) + (GT)n        Simple_repeat          1     29    (0)  14  
   18    7.6  3.6  0.0  chr10:80732947:-|278     142   169   (31) + (GT)n        Simple_repeat          1     29    (0)  15  
   14    8.1  9.8  2.3  chr10:80737978:+|179       2    42  (158) + (CTGCCTCA)n  Simple_repeat          1     44    (0)  16  
  273   31.6  0.0  1.3  chr10:95218548:-|282      67   146   (54) + MIR          SINE/MIR              13     91  (171)  17  
  455    7.9  0.0  0.0  chr10:95225607:-|284     138   200    (0) + AluSx        SINE/Alu               2     64  (248)  18  
   24   19.3  0.0  0.0  chr11:118792049:-|184    153   199    (1) + (TG)n        Simple_repeat          1     47    (0)  19  
 1318   13.5  0.0  0.0  chr11:122579758:-|318      2   186   (14) C AluJb        SINE/Alu           (127)    185      1  20  
  226   30.7  0.0  1.3  chr11:126861985:-|320    125   200    (0) C MIRc         SINE/MIR             (1)    267    193  21  
   14   13.2  2.9  2.9  chr11:1404639:-|166      104   138   (62) + (CCTCC)n     Simple_repeat          1     35    (0)  22  
   30   35.2  1.4  0.7  chr11:27911835:+|265       1   141   (59) + (CTT)n       Simple_repeat          1    142    (0)  23  
  939   19.6  6.5  0.5  chr11:33713961:+|193       1   200    (0) C MER63D       DNA/hAT-Tip100     (682)    379    168  24  
 1171   13.6  0.5  3.1  chr11:59312856:-|164       3   200    (0) + LTR8         LTR/ERV1             454    646   (45)  25  
 1171   13.6  0.5  3.1  chr11:59312856:-|306       3   200    (0) + LTR8         LTR/ERV1             454    646   (45)  26  
  246   13.9  0.0  0.0  chr11:65245161:+|159     158   200    (0) C SVA_A        Retroposon/SVA    (1126)    261    219  27  
   20   16.7  0.0  0.0  chr11:8739730:+|153       11    44  (156) + (C)n         Simple_repeat          1     34    (0)  28  
   15   16.3  8.3  0.0  chr11:8739730:+|153       45    58  (142) + (CCCAC)n     Simple_repeat          1     52    (0)  29  
   20   16.7  0.0  0.0  chr11:8739730:+|191       11    44  (156) + (C)n         Simple_repeat          1     34    (0)  30  
   15   16.3  8.3  0.0  chr11:8739730:+|191       45    58  (142) + (CCCAC)n     Simple_repeat          1     52    (0)  31  
   20   16.7  0.0  0.0  chr11:8739730:+|257       11    44  (156) + (C)n         Simple_repeat          1     34    (0)  32  
   15   16.3  8.3  0.0  chr11:8739730:+|257       45    58  (142) + (CCCAC)n     Simple_repeat          1     52    (0)  33  
   29    6.3  0.0  0.0  chr11:95976270:-|182     138   171   (29) + (GT)n        Simple_repeat          1     34    (0)  34  
 1063   21.7  1.5  0.0  chr12:104671249:-|206      3   200    (0) C AluJb        SINE/Alu            (23)    289     89  35  
  270   22.9  0.0  0.0  chr12:104671402:+|225      1    61  (139) + 7SLRNA       srpRNA               260    320    (0)  36  
  264   22.0 16.1  3.8  chr12:120672502:-|346     75   192    (8) C MIRc         SINE/MIR           (133)    135      4  37  
  316   21.8  0.0  1.1  chr12:12568503:-|190       1    88  (112) + L1M4         LINE/L1             3811   3897 (2249)  38  
  662    5.8  0.0  5.8  chr12:12568503:-|190      91   200    (0) + SVA_E        Retroposon/SVA        23    126 (1256)  39  
  679   17.4  0.7  0.7  chr12:12568556:+|209      61   199    (1) C L1M4         LINE/L1           (2249)   3897   3759  40  
  914   17.7  0.5  0.5  chr12:12568606:+|285      11   197    (3) C L1M4         LINE/L1           (2249)   3897   3711  41  
 1542    7.7  0.0  2.0  chr12:132344835:-|354      1   200    (0) C AluY         SINE/Alu            (36)    275     80  42  
 1116    9.0  3.2  0.0  chr12:132344904:+|177      1   156   (44) + AluY         SINE/Alu             144    304    (7)  43  
   18    7.1  0.0  3.2  chr12:132344904:+|177    167   200    (0) + (AAAG)n      Simple_repeat          1     32    (0)  44  
  759    6.0  1.0  0.0  chr12:132412920:-|214      1   100  (100) C AluY         SINE/Alu           (210)    101      1  45  
  318    6.2  4.2  0.0  chr12:132412920:-|214    101   148   (52) C 7SLRNA       srpRNA               (1)    319    270  46 *
  374   21.3  5.3  0.0  chr12:132412920:-|214    107   200    (0) + SVA_A        Retroposon/SVA       202    300 (1087)  47  
  575   18.2  2.3  0.7  chr12:132970236:+|231     56   188   (12) + MER66A       LTR/ERV1               2    136  (342)  48  
  575   18.2  2.3  0.7  chr12:132970236:+|301     56   188   (12) + MER66A       LTR/ERV1               2    136  (342)  49  
  729   22.8 10.1  0.0  chr12:133337312:-|356      1   189   (11) + MER21B       LTR/ERVL             230    437  (431)  50  
  993   14.8  9.1  0.9  chr12:133337371:+|233      3   200    (0) C MER21B       LTR/ERVL           (482)    386    173  51  
   16   29.1  1.4  4.2  chr12:46777105:-|188      18    90  (110) + (CCT)n       Simple_repeat          1     71    (0)  52  
   16   29.1  1.4  4.2  chr12:46777105:-|194      18    90  (110) + (CCT)n       Simple_repeat          1     71    (0)  53  
   16   29.1  1.4  4.2  chr12:46777105:-|328      18    90  (110) + (CCT)n       Simple_repeat          1     71    (0)  54  
  286   19.7  0.0  7.1  chr12:46918075:-|330       2    61  (139) + MLT1M        LTR/ERVL-MaLR        198    253  (419)  55  
  474   28.4 11.2  2.0  chr12:46918204:+|167      12   198    (2) C MLT1M        LTR/ERVL-MaLR      (419)    253     50  56  
   42   20.9  0.0  0.0  chr12:50464205:-|198      88   170   (30) + (AC)n        Simple_repeat          1     83    (0)  57  
  358   25.9 10.0  2.1  chr12:52674168:-|336       1   130   (70) + EUTREP16     LTR                  232    371  (146)  58  
  249   26.5 14.4  0.8  chr12:53294058:-|202       1   118   (82) C MIR          SINE/MIR           (127)    135      2  59  
  306   15.0  4.5  0.2  chr12:53294176:-|196      93   172   (28) C MIR1_Amn     SINE/MIR            (99)    169     88  60  
  306   15.0  4.5  0.2  chr12:53294176:-|338      93   172   (28) C MIR1_Amn     SINE/MIR            (99)    169     88  61  
   48   17.2  0.0  0.0  chr12:66135455:+|291       2    92  (108) + GA-rich      Low_complexity         1     91    (0)  62  
  351   27.4  3.1  3.4  chr12:92987889:+|293       8   200    (0) + L2c          LINE/L2             3075   3265  (110)  63  
   25   18.5  1.8  0.0  chr13:100622283:+|307    107   181   (19) + (GCG)n       Simple_repeat          1     76    (0)  64  
 1457    3.3  1.1  1.1  chr13:109921709:+|309      2   187   (13) + HERVH-int    LTR/ERV1            3710   3895 (3818)  65  
 1399    3.4  1.1  1.1  chr13:109921716:+|183      1   180   (20) + HERVH-int    LTR/ERV1            3716   3895 (3818)  66  
 1081    4.2  1.4  1.4  chr13:109921752:+|239      1   144   (56) + HERVH-int    LTR/ERV1            3752   3895 (3818)  67  
  445    9.1  1.0  0.4  chr13:109921752:+|239    134   200    (0) + HERVH-int    LTR/ERV1            4465   4544 (3169)  67 *
 1319   10.9  0.0  0.0  chr13:95920357:-|220       1   183   (17) C LTR5_Hs      LTR/ERVK           (785)    183      1  68  
  344   26.6 12.6  0.0  chr14:65272512:-|368      43   185   (15) + L2a          LINE/L2             3253   3413   (13)  69  
  290   24.2 15.8  2.1  chr14:66258738:+|317      29   193    (7) C L2b          LINE/L2             (36)   3390   3204  70  
   16    0.0  0.0  0.0  chr14:77499641:-|212      57    73  (127) + (T)n         Simple_repeat          1     17    (0)  71  
   12   23.1  0.0  4.8  chr14:89029910:+|185       2    45  (155) + G-rich       Low_complexity         1     42    (0)  72  
   12   23.1  0.0  4.8  chr14:89029910:+|247       2    45  (155) + G-rich       Low_complexity         1     42    (0)  73  
  203   32.3  4.0  1.9  chr15:26860864:+|335       1   101   (99) + MamRTE1      LINE/RTE-BovB       2910   3012  (800)  74  
  232    8.6  5.7  0.0  chr15:29949325:+|249       1    35  (165) C LTR12F       LTR/ERV1            (53)    466    430  75  
  846   17.0  0.0  0.0  chr15:29949325:+|249      36   200    (0) C AluY         SINE/Alu            (20)    291    127  76  
  838   16.6  0.0  2.3  chr15:29949355:+|189       4   182   (18) C AluY         SINE/Alu            (18)    293    119  77  
  277   25.0  0.0  0.0  chr15:59158682:+|259     133   196    (4) C MER33        DNA/hAT-Charlie     (19)    305    242  78  
   14   23.9  1.7  5.2  chr15:66993379:-|392       3    62  (138) + (CCCGC)n     Simple_repeat          1     58    (0)  79  
   19   19.6  3.1  8.8  chr15:69110493:-|244      53   148   (52) + (GGCGCGG)n   Simple_repeat          1     91    (0)  80  
  198   26.6  8.9  0.0  chr15:79927761:+|349      20    98  (102) C MIRb         SINE/MIR           (126)    142     57  81  
  195   16.4 18.0  6.5  chr15:90364567:-|400      17   127   (73) + MIRb         SINE/MIR              83    205   (63)  82  
  547   18.4  6.5  1.2  chr16:12706509:-|406       1   154   (46) C LTR10A       LTR/ERV1           (447)    162      1  83  
  716   19.6  2.2  3.9  chr16:14543956:+|269       3   183   (17) + L1MC4a       LINE/L1             5683   5860 (2022)  84  
 1092   13.5  0.6  2.9  chr16:280977:-|232        25   200    (0) + AluSx        SINE/Alu               1    172  (140)  85  
  664   11.3  2.1  0.0  chr16:29830566:+|203      26   122   (78) C AluSx        SINE/Alu           (213)     99      1  86  
  348   13.0  0.0  0.0  chr16:29836187:+|205     139   192    (8) C 7SLRNA       srpRNA               (0)    320    267  87  
  227   26.8  1.8  0.0  chr16:29836187:+|205     145   200    (0) + SVA_A        Retroposon/SVA       202    258 (1129)  88 *
 1073   12.1  4.2  0.0  chr16:34979605:-|410      36   200    (0) + HERVH-int    LTR/ERV1               1    172 (7541)  89  
  261   28.6  1.2  0.0  chr16:57927871:-|254     115   198    (2) + MIR          SINE/MIR              41    125  (137)  90  
   14   11.1  3.5  0.0  chr16:66550737:-|412      48    76  (124) + (TCCCC)n     Simple_repeat          1     30    (0)  91  
  249   17.5  4.8  0.0  chr16:66550737:-|412     137   199    (1) + L2b          LINE/L2             3240   3305   (70)  92  
   21   30.6  1.9  2.9  chr16:73091806:-|418      51    68  (132) + (GCCGCG)n    Simple_repeat          1     64   (40)  93  
   17   31.2  1.3  2.6  chr16:73091806:-|418      69   146   (54) + (GCC)n       Simple_repeat          1     77    (0)  94  
   21   30.6  1.9  2.9  chr16:73091806:-|418     147   155   (45) + (GCCGCG)n    Simple_repeat         65    104    (0)  93  
   13   24.8  0.0  6.0  chr16:89307457:-|422       1    53  (147) + (CCCT)n      Simple_repeat          1     50    (0)  95  
  253   15.0  6.0  3.5  chr16:89307457:-|422      54   136   (64) + LTR55        LTR/ERVL             318    402  (146)  96  
   12    8.1  0.0 10.3  chr16:89753346:+|283      94   125   (75) + G-rich       Low_complexity         1     29    (0)  97  
   12    8.1  0.0 10.3  chr16:89753346:+|383      94   125   (75) + G-rich       Low_complexity         1     29    (0)  98  
   21   22.1  5.3  1.3  chr16:9186799:+|199        1    75  (125) + (TTCT)n      Simple_repeat          1     78    (0)  99  
  991   16.7  5.0  0.5  chr17:18825674:+|223       1   199    (1) C L1M4         LINE/L1            (495)   5683   5476 100  
   21   37.0  2.0  5.7  chr17:20945800:+|227       1   200    (0) + G-rich       Low_complexity         1    193    (0) 101  
   25   27.5  4.5  6.3  chr17:20945824:+|407       2   178   (22) + GA-rich      Low_complexity         1    174    (0) 102  
   13   29.8  0.0  0.0  chr17:2296214:+|215       42    86  (114) + G-rich       Low_complexity         1     45    (0) 103  
   15   30.0  4.1  0.0  chr17:2302926:-|424       65   137   (63) + (GGCCCG)n    Simple_repeat          1     76    (0) 104  
  253   31.6  1.0  0.0  chr17:36074910:-|252      90   187   (13) C L2           LINE/L2            (557)   2862   2764 105  
  253   31.6  1.0  0.0  chr17:36074910:-|430      90   187   (13) C L2           LINE/L2            (557)   2862   2764 106  
  261   32.6  4.4  0.7  chr17:36112748:-|254      38   173   (27) + L2b          LINE/L2             3227   3367    (8) 107  
  456   28.1  0.6  1.9  chr17:38705678:-|256      20   182   (18) + Eutr16       DNA/hAT-Tip100       390    550  (210) 108  
  524   18.2 13.6  0.0  chr17:38707497:-|258      69   200    (0) + MIR          SINE/MIR               8    157  (105) 109  
  296   28.4  1.2  0.0  chr17:38707551:-|276       3    83  (117) + MIRb         SINE/MIR              72    153  (115) 110  
  253   26.9  1.5  0.0  chr17:38707551:-|276     123   189   (11) + MIR          SINE/MIR               8     75  (187) 111  
  367   29.9  4.3  0.0  chr17:38707675:+|415       1   139   (61) C MIR          SINE/MIR           (121)    147      1 112  
  303   23.8  3.6  0.0  chr17:41445465:+|419       3    86  (114) C U2           snRNA               (96)     92      6 113  
  817   10.7  0.8  0.0  chr17:41445796:+|299      80   200    (0) C AluSx        SINE/Alu            (23)    289    168 114  
   13   33.2  0.0  0.0  chr17:42164516:+|233      54   106   (94) + (ACAC)n      Simple_repeat          1     53    (0) 115  
   13   33.2  0.0  0.0  chr17:42164537:+|421      33    85  (115) + (ACAC)n      Simple_repeat          1     53    (0) 116  
   12   22.5  3.5  5.4  chr17:42277758:+|423     132   188   (12) + (CTCCC)n     Simple_repeat          1     56    (0) 117  
  288   21.6  6.8  0.9  chr17:48105193:+|303      55   157   (43) + L2b          LINE/L2             3263   3406   (20) 118  
  288   21.6  6.8  0.9  chr17:48105229:+|235      19   121   (79) + L2b          LINE/L2             3263   3406   (20) 119  
  288   21.6  6.8  0.9  chr17:48105245:+|427       3   105   (95) + L2b          LINE/L2             3263   3406   (20) 120  
   13   21.6  0.0  0.0  chr17:56083778:-|446      82   113   (87) + (GGC)n       Simple_repeat          1     32    (0) 121  
   13   21.6  0.0  0.0  chr17:56083780:-|270      84   115   (85) + (GGC)n       Simple_repeat          1     32    (0) 122  
   13   21.6  0.0  0.0  chr17:56083780:-|286      84   115   (85) + (GGC)n       Simple_repeat          1     32    (0) 123  
 1534    8.3  0.0  0.5  chr17:57919937:+|313       1   194    (6) + AluSx        SINE/Alu              82    274   (38) 124  
   12   12.6  0.0  3.7  chr17:7745534:-|426      168   195    (5) + (GCCGC)n     Simple_repeat          1     27    (0) 125  
   24   20.7  1.8  0.0  chr17:7796785:-|266      123   178   (22) + (CTG)n       Simple_repeat          1     57    (0) 126  
   17    0.0  0.0  0.0  chr18:12883960:+|457      11    29  (171) + (T)n         Simple_repeat          1     19    (0) 127  
   18    9.4  0.0  5.6  chr18:12883960:+|457     104   141   (59) + (GCGAGAG)n   Simple_repeat          1     36    (0) 128  
   16    0.0  0.0  0.0  chr18:12883972:+|253       1    17  (183) + (T)n         Simple_repeat          1     17    (0) 129  
   18    9.4  0.0  5.6  chr18:12883972:+|253      92   129   (71) + (GCGAGAG)n   Simple_repeat          1     36    (0) 130  
   16    0.0  0.0  0.0  chr18:12883972:+|321       1    17  (183) + (T)n         Simple_repeat          1     17    (0) 131  
   18    9.4  0.0  5.6  chr18:12883972:+|321      92   129   (71) + (GCGAGAG)n   Simple_repeat          1     36    (0) 132  
  255   20.2  6.2  1.2  chr18:33196900:-|304     111   190   (10) C MIRb         SINE/MIR            (75)    193    110 133  
   29   26.6  2.6  2.6  chr18:45688163:+|463       1   113   (87) + (CCCGC)n     Simple_repeat          1    113    (0) 134  
   13   11.6  0.0  6.7  chr18:45688339:+|257      80   111   (89) + (GGCCC)n     Simple_repeat          1     30    (0) 135  
   12   19.7  0.0  0.0  chr18:77006786:+|327     155   183   (17) + (CTC)n       Simple_repeat          1     29    (0) 136  
  525    4.7  0.0  0.0  chr18:7921344:-|458        2    65  (135) + AluSx        SINE/Alu             236    299   (13) 137  
  780   13.3  3.0  0.0  chr18:7921344:-|458       66   200    (0) + L1M3f        LINE/L1             1108   1246 (4082) 138  
  747    7.4  0.0  0.0  chr18:7921374:-|302        1    95  (105) + AluY         SINE/Alu             204    298   (13) 139  
  678   12.4  0.9  0.0  chr18:7921374:-|302       96   200    (0) + L1M3f        LINE/L1             1108   1213 (4115) 140  
 1076   19.4  2.5  1.5  chr18:7922412:-|460        2   200    (0) + L1M3f        LINE/L1              254    454 (4874) 141  
  577   21.7  0.3  0.3  chr19:11254403:+|259      73    84  (116) C SVA_A        Retroposon/SVA    (1073)    314    273 142  
  451   17.9  0.0  0.0  chr19:11254403:+|259      85   162   (38) + 7SLRNA       srpRNA                 1     78  (242) 143  
  577   21.7  0.3  0.3  chr19:11254403:+|259     163   199    (1) C SVA_A        Retroposon/SVA    (1073)    272    128 142  
   12   20.1  0.0  9.1  chr19:12895091:+|331     126   173   (27) + (ACAG)n      Simple_repeat          1     44    (0) 144  
   14   17.2  5.1  0.0  chr19:12899464:-|318      13    51  (149) + G-rich       Low_complexity         1     41    (0) 145  
   16    9.4 10.6  2.0  chr19:13039466:-|472      13    59  (141) + G-rich       Low_complexity         1     51    (0) 146  
  469   25.0  0.0  0.0  chr19:13280618:-|474     101   200    (0) C SVA_E        Retroposon/SVA    (1079)    303    204 147  
  602    6.2  1.2  0.0  chr19:13969455:-|476     121   200    (0) + AluSx        SINE/Alu               2     82  (230) 148  
   42   12.6  0.0  0.0  chr19:14182080:+|473     138   200    (0) + (A)n         Simple_repeat          1     63    (0) 149  
   46   11.5  0.0  0.0  chr19:14182087:+|337     131   198    (2) + (A)n         Simple_repeat          1     68    (0) 150  
  345   30.4  1.0  0.0  chr19:18133070:-|300       8   109   (91) C MLT1K        LTR/ERVL-MaLR      (361)    234    132 151  
  466    7.9  0.0  0.0  chr19:18133070:-|300     138   200    (0) + AluSx        SINE/Alu               2     64  (248) 152  
  221   22.2  3.7  0.0  chr19:18485160:-|302      73   126   (74) C L2b          LINE/L2             (18)   3357   3302 153  
   19   12.9  2.2  4.4  chr19:19216539:-|482      53    98  (102) + G-rich       Low_complexity         1     45    (0) 154  
   18   25.7  7.4  0.0  chr19:2524910:-|310       73   153   (47) + (CATGCA)n    Simple_repeat          1     87    (0) 155  
  729   16.3  0.0  5.2  chr19:32864235:+|477      14   155   (45) C MLT1A0       LTR/ERVL-MaLR      (230)    135      1 156  
  265    8.9  2.2  0.0  chr19:32864235:+|477     156   199    (1) C Tigger6      DNA/TcMar-Tigger   (210)   2049   2005 157  
  228   22.6  1.5  6.3  chr19:38488746:-|488      39   104   (96) C L2a          LINE/L2              (0)   3426   3364 158 *
  372   24.1  0.3  0.0  chr19:38488746:-|488      97   200    (0) C MIR          SINE/MIR           (103)    165     53 159  
   12    9.7  0.0  0.0  chr19:39171076:-|490      20    41  (159) + (CATT)n      Simple_repeat          1     22    (0) 160  
  937   11.9  0.7  2.8  chr19:39171076:-|490      54   200    (0) + AluSx        SINE/Alu               1    144  (168) 161  
  186   12.5  0.0  0.0  chr19:39564350:-|332     169   200    (0) C MIRc         SINE/MIR           (126)    142    111 162  
  594   14.6  3.9  0.0  chr19:39564641:+|483      76   178   (22) + AluSx        SINE/Alu             206    312    (0) 163  
  352   28.9  0.0  2.2  chr19:43335539:-|310     104   195    (5) C LTR34        LTR/ERV1             (6)    693    604 164  
 1013    6.0  0.0  4.5  chr19:45954017:-|312      61   200    (0) C AluSx        SINE/Alu             (2)    310    177 165  
 1013    6.0  0.0  4.5  chr19:45954017:-|334      61   200    (0) C AluSx        SINE/Alu             (2)    310    177 166  
 1013    6.0  0.0  4.5  chr19:45954017:-|498      61   200    (0) C AluSx        SINE/Alu             (2)    310    177 167  
   14   24.7  1.8  3.6  chr19:5049069:+|467       55   110   (90) + G-rich       Low_complexity         1     55    (0) 168  
   18   20.2  0.0  2.2  chr19:51161363:-|314      22    68  (132) + (CGCCCC)n    Simple_repeat          1     46    (0) 169  
  700    3.7  3.2  0.0  chr19:55967293:+|273      49   200    (0) C MSR1         Satellite            (3)    156      1 170  
   17   18.5  0.0  0.0  chr19:8674572:-|292        6    36  (164) + (GT)n        Simple_repeat          1     31    (0) 171  
   18   21.4  0.0  4.4  chr19:8674592:-|468       10    56  (144) + (GT)n        Simple_repeat          1     45    (0) 172  
   53   21.4  4.5  1.9  chr1:160237265:+|21        1    17  (183) + (CTTT)n      Simple_repeat          1    170    (0) 173  
   60   13.2  8.1  1.3  chr1:160237265:+|21       18   166   (34) + (TCTTTC)n    Simple_repeat          1    159    (0) 174  
   14   19.4  3.9  3.9  chr1:161179464:-|34      143   193    (7) + (TTCCT)n     Simple_repeat          1     51    (0) 175  
   28   17.9  2.4  4.9  chr1:161359975:+|23        7    89  (111) + G-rich       Low_complexity         1     81    (0) 176  
  204   17.6  0.0  0.0  chr1:17560496:+|5        167   200    (0) + MIRb         SINE/MIR              23     56  (212) 177  
  428   22.4  0.0  0.0  chr1:17560539:+|7        124   199    (1) + MIRb         SINE/MIR              23     98  (170) 178  
   14   21.1  0.0  2.6  chr1:182808710:-|16       89   128   (72) + (CGCCCC)n    Simple_repeat          1     39    (0) 179  
   14   21.1  0.0  2.6  chr1:182808719:-|38       98   137   (63) + (CGCCCC)n    Simple_repeat          1     39    (0) 180  
  279   39.6  0.0  0.0  chr1:186818382:-|30       23   161   (39) + L2b          LINE/L2             3237   3375    (0) 181  
   20   11.8  2.6  0.0  chr1:198128462:+|23       61    98  (102) + (AGGA)n      Simple_repeat          1     39    (0) 182  
   20   26.9  3.2  0.0  chr1:201988213:+|11        9    70  (130) + (CA)n        Simple_repeat          1     64    (0) 183  
  382   27.7  7.9  2.5  chr1:202032565:+|25        5   156   (44) + L2a          LINE/L2             3262   3421    (5) 184  
  333   28.9 11.1  0.5  chr1:204386962:+|29        1   181   (19) + L2           LINE/L2             1263   1462 (1957) 185  
   37   15.3  0.0  1.4  chr1:234736004:+|33       32   101   (99) + (GCCCC)n     Simple_repeat          1     69    (0) 186  
  923   21.1  1.2  1.2  chr1:32701885:+|11         1   168   (32) + Tigger7      DNA/TcMar-Tigger     131    298 (2194) 187  
  323   24.1  0.0  8.3  chr1:33458085:-|14        93   196    (4) C MIRb         SINE/MIR            (48)    220    125 188  
   13   17.9  6.5  4.8  chr1:47799900:-|20        39   100  (100) + (CCGGCGG)n   Simple_repeat          1     63    (0) 189  
   16    0.0  0.0  0.0  chr1:93249795:-|26       143   163   (37) + (TGTC)n      Simple_repeat          1     21    (0) 190  
 1213   14.0  2.5  3.0  chr20:10333340:+|499       2   200    (0) C LTR35        LTR/ERV1           (397)    211     14 191  
  428   21.9  5.9  3.3  chr20:16510869:-|344       1   118   (82) C MLT1F2       LTR/ERVL-MaLR      (439)    121      1 192  
  546   22.0  2.3  7.3  chr20:16510994:+|501       2   173   (27) + MLT1F2       LTR/ERVL-MaLR         50    213  (347) 193  
  970   18.9 14.3  0.0  chr20:19861215:-|346       5   200    (0) + AluJb        SINE/Alu               1    224   (88) 194  
  342   30.3  0.0  0.0  chr20:19861315:-|514     106   181   (19) + 7SLRNA       srpRNA                 1     76  (244) 195  
  207   20.0  6.7  0.0  chr20:19861328:-|326       9    53  (147) + L2c          LINE/L2             3340   3387    (0) 196  
  342   30.3  0.0  0.0  chr20:19861328:-|326     119   194    (6) + 7SLRNA       srpRNA                 1     76  (244) 197  
   36   15.7  5.0  5.9  chr20:25291382:+|355       7   126   (74) + G-rich       Low_complexity         1    119    (0) 198  
  244   33.3  5.0  0.6  chr20:29612559:+|505      81   200    (0) + MIRb         SINE/MIR               6    133  (135) 199  
  657   12.4  2.8  0.9  chr20:34204560:+|357      95   200    (0) C AluSx        SINE/Alu            (12)    300    193 200  
  293   25.1  7.5  3.6  chr20:4131147:+|277       39   199    (1) + L2           LINE/L2             2141   2307 (1112) 201  
  627   13.5  6.2  2.7  chr20:46008725:-|522       7   151   (49) + L2           LINE/L2             2282   2431  (988) 202  
  531   17.1  1.1  0.0  chr20:46021026:+|509       6    93  (107) C MLT1J        LTR/ERVL-MaLR      (343)    169     81 203  
  319   27.9  1.0  3.1  chr20:49963210:-|526      39   138   (62) C MIRb         SINE/MIR           (149)    119     22 204  
  506   21.1  4.0  4.7  chr20:50366313:-|334      51   199    (1) C L1ME4b       LINE/L1             (29)   6116   5969 205  
  198   23.7  2.6  1.3  chr20:56291334:-|534     124   200    (0) + MIR3         SINE/MIR              50    127   (81) 206  
  363   22.3  6.4  0.0  chr20:56293068:+|363       4    97  (103) + L2b          LINE/L2             3275   3374    (1) 207  
  213    6.7  0.0  0.0  chr20:56293125:+|515      11    40  (160) + L2a          LINE/L2             3396   3425    (1) 208  
  280   22.8  2.5  0.0  chr20:56293125:+|515     110   188   (12) + L1M5         LINE/L1             5650   5730  (394) 209  
  508   12.8  1.3  0.0  chr20:5718287:+|279      103   180   (20) + AluSx        SINE/Alu             221    299   (13) 210  
   32    0.0  0.0  0.0  chr20:60934463:+|297     167   196    (4) + (GGGCCTG)n   Simple_repeat          1     30    (0) 211  
  760   23.6  7.5  0.0  chr21:39695918:+|367       2   200    (0) C MLT1F1       LTR/ERVL-MaLR      (343)    226     13 212  
  486    6.2  0.0  0.0  chr21:45032215:-|552       1    65  (135) C AluY         SINE/Alu           (246)     65      1 213  
  499   21.6  2.2  0.5  chr21:45032215:-|552      67   200    (0) C L1MEf        LINE/L1           (5318)   1091    962 214  
 1611    0.0  0.0  0.0  chr21:9827507:-|538       26   200    (0) C SSU-rRNA_Hsa rRNA              (1291)    578    404 215  
 1118   14.0  9.5  0.0  chr21:9827682:+|365        1   200    (0) + L1PA10       LINE/L1             5881   6099   (69) 216  
  645   16.2  0.0  0.0  chr21:9827840:+|301        1   111   (89) + L1PA10       LINE/L1             6058   6168    (0) 217  
  180   24.1  1.9  0.0  chr22:20886063:-|556      71   124   (76) + L2b          LINE/L2             3228   3282   (93) 218  
   16    0.0  3.9  3.9  chr22:30606393:-|342     171   196    (4) + (CCT)n       Simple_repeat          1     26    (0) 219  
   16    0.0  3.9  3.9  chr22:30606393:-|560     171   196    (4) + (CCT)n       Simple_repeat          1     26    (0) 220  
  276   30.2  8.7  1.4  chr22:40800059:-|568       1   195    (5) + L2           LINE/L2             2344   2552  (867) 221  
  494   29.1  2.6  3.3  chr22:40894829:+|537      33   185   (15) + MIRb         SINE/MIR               7    158  (110) 222  
  238   33.3  0.9  0.0  chr22:41652534:+|373      94   198    (2) C MIRc         SINE/MIR           (120)    148     43 223  
  532   26.3  4.6  0.6  chr22:46000150:-|574       1   153   (47) C MIRb         SINE/MIR            (59)    209     51 224  
  218   29.8 20.2  0.0  chr22:46105895:-|576      21   178   (22) C L2           LINE/L2            (609)   2810   2621 225  
  187   21.1  0.0  0.0  chr2:101730396:-|44       23    60  (140) + L2d          LINE/L2             3374   3411   (14) 226  
  849   19.7  0.7  0.0  chr2:101744099:-|46       38   189   (11) + AluJb        SINE/Alu             137    289   (23) 227  
   16    0.0  0.0  0.0  chr2:10592754:+|39       168   184   (16) + (T)n         Simple_repeat          1     17    (0) 228  
  263   39.0  2.5  1.0  chr2:121480250:-|70        1   197    (3) + L3           LINE/CR1            2483   2682 (1417) 229  
   23   15.5  3.9  0.0  chr2:128145819:+|57       16    66  (134) + (CCCGGC)n    Simple_repeat          1     53    (0) 230  
   23   15.5  3.9  0.0  chr2:128145830:+|31        5    55  (145) + (CCCGGC)n    Simple_repeat          1     53    (0) 231  
   23   15.5  3.9  0.0  chr2:128145830:+|45        5    55  (145) + (CCCGGC)n    Simple_repeat          1     53    (0) 232  
 1645    1.6  0.0  5.3  chr2:152145679:-|38        1   200    (0) C AluY         SINE/Alu            (17)    294    105 233  
  231   15.4  9.6  0.0  chr2:162017596:+|49        1    52  (148) C SVA_C        Retroposon/SVA     (481)    903    847 234  
  280   23.9  6.8  0.0  chr2:20341485:+|41       112   199    (1) C MIR3         SINE/MIR             (8)    200    107 235  
   17    8.2  3.9  0.0  chr2:20366617:+|43        71    96  (104) + (TG)n        Simple_repeat          1     27    (0) 236  
   14    7.6  7.1  0.0  chr2:219265036:-|82      152   179   (21) + (GGC)n       Simple_repeat          1     30    (0) 237  
  306   27.2  0.0  3.3  chr2:223707763:-|52        1    95  (105) + MLT1K        LTR/ERVL-MaLR        177    268  (327) 238  
 1296   13.3  0.5  1.5  chr2:233721305:-|58        1   199    (1) C AluSx        SINE/Alu            (26)    286     90 239  
 1311   13.3  0.5  1.5  chr2:233721308:-|86        3   200    (0) C AluSx        SINE/Alu            (25)    287     92 240  
  311   22.4  1.3  2.6  chr2:238392296:+|71       28   105   (95) + MIR3         SINE/MIR              68    144   (64) 241  
  311   22.4  1.3  2.6  chr2:238392319:+|57        5    82  (118) + MIR3         SINE/MIR              68    144   (64) 242  
   21   21.9  0.0  1.9  chr2:241506053:+|37        2    56  (144) + (GGCGG)n     Simple_repeat          1     54    (0) 243  
   35   12.0  7.2  1.1  chr2:242157298:-|60        1    83  (117) + (GCCCCC)n    Simple_repeat          1     88    (0) 244  
   35   12.0  7.2  1.1  chr2:242157304:-|92        7    89  (111) + (GCCCCC)n    Simple_repeat          1     88    (0) 245  
 1345   10.1  0.0  0.5  chr2:26980809:-|30         5   194    (6) + MER41B       LTR/ERV1             385    573   (61) 246  
   13   22.9  2.3  2.3  chr2:27592320:+|23       111   153   (47) + (CTT)n       Simple_repeat          1     43    (0) 247  
  246   29.4  5.3  3.4  chr2:31624747:+|45        85   200    (0) C L2a          LINE/L2              (0)   3426   3285 248  
  258    9.4  0.0  0.0  chr2:36788996:+|39       154   185   (15) + Charlie1b    DNA/hAT-Charlie        1     32  (491) 249  
  312   16.2  5.1  6.4  chr2:71725434:-|64         2    80  (120) + LTR8         LTR/ERV1             432    509  (182) 250  
  874   11.7  0.0  0.0  chr2:71725434:-|64        81   200    (0) + PABL_B       LTR/ERV1               1    120  (547) 251  
 1698    5.5  0.0  0.0  chr2:86922580:+|29         1   200    (0) + LTR10A       LTR/ERV1             336    535   (74) 252  
  366   21.3  0.0  3.2  chr2:88316069:-|40       104   200    (0) + U2           snRNA                  1     94   (94) 253  
  366   21.3  0.0  3.2  chr2:88316069:-|66       104   200    (0) + U2           snRNA                  1     94   (94) 254  
   54    0.0  3.8  0.0  chr3:10233672:-|48        13    65  (135) + (CA)n        Simple_repeat          1     55    (0) 255  
   13    8.5 10.3  2.4  chr3:11179377:+|77        24    62  (138) + (GTGATGGA)n  Simple_repeat          1     42    (0) 256  
  199   25.5  0.0  0.0  chr3:11179377:+|77       145   195    (5) + L2c          LINE/L2             3307   3357   (30) 257  
  357   25.2  3.2  2.9  chr3:197195688:-|120       2   198    (2) + L2d2         LINE/L2             3099   3292   (95) 258  
   14   15.6  0.0  0.0  chr3:46734172:-|50        73   101   (99) + (CCCCA)n     Simple_repeat          1     29    (0) 259  
   15    8.3 10.5  0.0  chr3:49063417:+|87        60    97  (103) + (GCAGCTGG)n  Simple_repeat          1     42    (0) 260  
   14    8.8  0.0  0.0  chr3:5055272:+|43         72    95  (105) + (CTCC)n      Simple_repeat          1     24    (0) 261  
   14    8.8  0.0  0.0  chr3:5055272:+|59         72    95  (105) + (CTCC)n      Simple_repeat          1     24    (0) 262  
  360   21.3  9.5  1.8  chr3:5063538:-|96         65   169   (31) + MIRb         SINE/MIR               2    114  (154) 263  
 1282   11.9  1.0  3.1  chr3:53273136:+|73         2   200    (0) + THE1B        LTR/ERVL-MaLR         96    290   (74) 264  
 1291   11.9  1.0  3.1  chr3:53273138:+|51         1   200    (0) + THE1B        LTR/ERVL-MaLR         97    292   (72) 265  
  620   25.7  1.4  0.0  chr3:57969433:-|62        42   185   (15) C LTR16C       LTR/ERVL             (0)    489    344 266  
  270   25.1  7.2  0.0  chr3:8498090:-|100        95   199    (1) + L2b          LINE/L2             3224   3386   (40) 267  
  296   19.8  8.3  2.6  chr4:123749263:+|87        4   112   (88) + MIRb         SINE/MIR              83    197   (71) 268  
  259   31.9  3.5  9.0  chr4:129439174:+|113      41   181   (19) + AmnSINE1     SINE/5S-Deu-L2       362    495   (80) 269  
   12   23.5  0.0  4.8  chr4:141072901:-|78       64   107   (93) + (TCCTT)n     Simple_repeat          1     42    (0) 270  
   12   23.5  0.0  4.8  chr4:141072915:-|62       78   121   (79) + (TCCTT)n     Simple_repeat          1     42    (0) 271  
 1191   11.5  0.0  0.0  chr4:31998067:+|85         1   200    (0) + LTR12E       LTR/ERV1             139    338  (984) 272  
  299   23.5 21.3  1.5  chr4:6895596:+|107        37   200    (0) + L1MC5a       LINE/L1             7613   7808  (222) 273  
   24   34.4  0.8  2.4  chr4:88813779:-|56        73   197    (3) + (TCT)n       Simple_repeat          1    123    (0) 274  
   13   14.1  0.0  6.1  chr5:107008468:+|125      32    66  (134) + (CCCCTC)n    Simple_repeat          1     33    (0) 275  
   13   14.1  0.0  6.1  chr5:107008478:+|69       22    56  (144) + (CCCCTC)n    Simple_repeat          1     33    (0) 276  
  411   28.7  1.5  1.5  chr5:169020040:-|144      24   154   (46) C L2           LINE/L2            (617)   2802   2672 277  
  516   20.8  7.0  1.9  chr5:172881427:-|154      54   183   (17) C MLT1H1       LTR/ERVL-MaLR      (369)    180     17 278  
   22   16.5  0.0  2.4  chr5:175300248:+|73      114   156   (44) + (AC)n        Simple_repeat          1     42    (0) 279  
 1039   17.6  8.5  0.0  chr5:32760407:+|65         2   200    (0) C L1M5         LINE/L1            (496)   5668   5453 280  
  502   15.8  8.8  3.9  chr5:34244915:-|64        30   200    (0) + LTR12E       LTR/ERV1             458    636  (686) 281  
  426   16.7  5.1  4.4  chr5:34244927:-|82        42   198    (2) + LTR12E       LTR/ERV1             458    615  (707) 282  
  655   26.7  1.6  1.3  chr5:52332360:+|123        1   200    (0) + L2a          LINE/L2             2946   3194  (232) 283  
   12   25.7  7.3  2.3  chr5:59086515:+|97        35   116   (84) + (CTTCTC)n    Simple_repeat          1     86    (0) 284  
  406   18.6  0.0  2.9  chr6:13308139:+|135      129   200    (0) C MER81        DNA/hAT-Blackjack   (26)     88     19 285  
 1242    2.7  0.0  6.0  chr6:145244368:-|86        1   158   (42) C LTR7Y        LTR/ERV1           (323)    149      1 286  
 1258    2.7  0.0  6.0  chr6:145244370:-|178       1   160   (40) C LTR7Y        LTR/ERV1           (321)    151      1 287  
   18   30.2  4.0  1.3  chr6:158461431:-|108     126   199    (1) + (CA)n        Simple_repeat          1     76    (0) 288  
   18   30.2  4.0  1.3  chr6:158461431:-|186     126   199    (1) + (CA)n        Simple_repeat          1     76    (0) 289  
   16   10.7  6.7  0.0  chr6:158461445:-|88      140   169   (31) + (CA)n        Simple_repeat          1     32    (0) 290  
 1569    8.0  0.5  0.0  chr6:160658836:+|153       1   200    (0) + MER41A       LTR/ERV1              40    240  (314) 291  
   33    0.0  0.0  0.0  chr6:21589286:+|137       11    41  (159) + (T)n         Simple_repeat          1     31    (0) 292  
   29    3.2  0.0  0.0  chr6:41658799:+|143      121   152   (48) + (GCT)n       Simple_repeat          1     32    (0) 293  
  234   25.6  6.7  0.0  chr6:44032196:-|174      109   198    (2) C MIR3         SINE/MIR            (65)    143     48 294  
  180   24.6  6.8  7.6  chr6:86174898:+|149       66   197    (3) C L2a          LINE/L2             (62)   3364   3234 295  
   16    0.0  0.0  0.0  chr7:100765254:-|104     182   199    (1) + (T)n         Simple_repeat          1     18    (0) 296  
   12   24.4  2.6  0.0  chr7:112090843:-|120     114   152   (48) + (CGC)n       Simple_repeat          1     40    (0) 297  
   12   24.4  2.6  0.0  chr7:112090886:-|108     157   195    (5) + (CGC)n       Simple_repeat          1     40    (0) 298  
   16   15.0  0.0  5.1  chr7:129420061:-|216      33    73  (127) + (GGCGCGG)n   Simple_repeat          1     39    (0) 299  
   60   27.0  1.5  3.0  chr7:134247695:-|122       1   200    (0) + GA-rich      Low_complexity         1    197    (0) 300  
   20   26.8  1.7  0.0  chr7:134247814:-|112     116   175   (25) + G-rich       Low_complexity         1     61    (0) 301  
  871   19.4  4.0  1.5  chr7:141374351:+|129       2   200    (0) + LTR84b       LTR/ERVL              57    260  (501) 302  
  921    0.0  0.0  0.0  chr7:148684340:-|220     101   200    (0) + HY1          scRNA                  1    100   (19) 303  
  575   23.0  2.2  3.3  chr7:158225541:-|114      16   199    (1) C LTR69        LTR/ERVL           (201)    387    206 304  
   14   20.8  0.0  0.0  chr7:26233209:+|119      145   177   (23) + (TCC)n       Simple_repeat          1     33    (0) 305  
  954   19.3  4.0  0.0  chr7:32708854:-|112        5   180   (20) C MER76        LTR/ERVL           (506)    185      3 306  
   26   12.6  8.1  0.0  chr7:5588911:-|192       139   200    (0) + (TCTCC)n     Simple_repeat          1     67    (0) 307  
   15   24.1  0.0  6.9  chr7:5594802:-|194        32    93  (107) + G-rich       Low_complexity         1     58    (0) 308  
  807    9.7  3.5  0.0  chr7:66459721:-|98        88   200    (0) + AluSx        SINE/Alu              44    160  (152) 309  
   16    0.0  0.0  0.0  chr7:73892759:+|85       124   141   (59) + (TG)n        Simple_repeat          1     18    (0) 310  
  446   10.2  0.0  0.0  chr7:73892759:+|85       142   200    (0) C AluJb        SINE/Alu            (26)    286    228 311  
  254   21.5  2.6  8.3  chr8:103549406:+|99      125   200    (0) + MER5A        DNA/hAT-Charlie       26     97   (92) 312  
  789   15.0  9.4  3.7  chr8:107072056:-|120      21   200    (0) C LTR26        LTR/ERV1           (333)    270     81 313  
 1232   17.1  0.5  0.0  chr8:107072328:+|103       2   200    (0) + LTR26        LTR/ERV1             361    560   (43) 314  
 1232   17.1  0.5  0.0  chr8:107072328:+|185       2   200    (0) + LTR26        LTR/ERV1             361    560   (43) 315  
  272   21.7 28.3  0.0  chr8:128872059:-|234      80   199    (1) C MIRb         SINE/MIR            (81)    187     34 316  
  267   25.3  2.5  0.0  chr8:128872088:-|124     109   187   (13) C MIRb         SINE/MIR            (81)    187    107 317  
  398   26.5 14.6  0.0  chr8:128883062:-|236      50   200    (0) C MIRb         SINE/MIR            (18)    250     78 318  
  233   27.7 18.5  0.0  chr8:128883089:-|126      77   195    (5) C MIRb         SINE/MIR            (18)    250    110 319  
  313   22.2 10.4  0.2  chr8:130838930:+|189       1   114   (86) + MIR          SINE/MIR             114    242   (26) 320  
   16    4.5  0.0  0.0  chr8:135844709:+|191     124   146   (54) + (CACG)n      Simple_repeat          1     23    (0) 321  
   15    4.8  0.0  0.0  chr8:141474333:-|134       4    25  (175) + (TTCA)n      Simple_repeat          1     22    (0) 322  
  308   22.8  7.6  0.0  chr8:141474333:-|134      45   136   (64) C L2b          LINE/L2             (17)   3358   3260 323  
 1540    1.5  0.0  2.0  chr8:142213170:+|105       1   199    (1) C SVA_D        Retroposon/SVA    (1161)    225     31 324  
  276   19.6  0.0  2.0  chr8:142267711:-|240       8    59  (141) C MER20        DNA/hAT-Charlie    (167)     52      2 325  
   15    7.3  3.2  3.2  chr8:146012161:-|138     168   198    (2) + (TTTC)n      Simple_repeat          1     31    (0) 326  
  342   25.2  7.8  4.9  chr8:25040333:+|141       22   165   (35) + L2a          LINE/L2             3233   3404   (22) 327  
  197   32.6  4.8  2.0  chr8:25045364:+|143        3   149   (51) + L2d          LINE/L2             2994   3144  (281) 328  
  550   20.1  8.0  1.2  chr8:25053365:+|145       24   174   (26) + L2a          LINE/L2             3266   3426    (0) 329  
   41   23.1  1.8  6.9  chr8:26306962:+|175       16   182   (18) + G-rich       Low_complexity         1    159    (0) 330  
  694    8.2  0.0  0.0  chr8:27731228:+|93         1    97  (103) + LTR7Y        LTR/ERV1             338    434   (38) 331  
  437   11.8  1.5  0.0  chr8:27731228:+|93       130   197    (3) + AluJb        SINE/Alu               1     69  (243) 332  
  261   30.2  2.5  3.4  chr9:101751971:-|260      74   193    (7) C MIRb         SINE/MIR             (6)    262    144 333  
  711   13.9  0.0  0.0  chr9:105967535:+|117       1   101   (99) C AluY         SINE/Alu           (209)    102      2 334  
  711   13.9  0.0  0.0  chr9:105967535:+|161       1   101   (99) C AluY         SINE/Alu           (209)    102      2 335  
  711   13.9  0.0  0.0  chr9:105967535:+|213       1   101   (99) C AluY         SINE/Alu           (209)    102      2 336  
  208   25.0  0.0  1.9  chr9:12817627:-|242      120   172   (28) + L2b          LINE/L2             3107   3158  (217) 337  
   14   16.4  7.8  6.4  chr9:130566422:+|219     117   193    (7) + (CTGGC)n     Simple_repeat          1     78    (0) 338  
  308   18.0  0.0  0.0  chr9:130764303:+|221     139   199    (1) + 7SLRNA       srpRNA                 1     61  (259) 339  
   24   11.0  4.5  6.2  chr9:131937279:+|223      46   111   (89) + G-rich       Low_complexity         1     65    (0) 340  
   16   22.6  0.0  0.0  chr9:131937279:+|223     165   197    (3) + A-rich       Low_complexity         1     33    (0) 341  
   24   11.0  4.5  6.2  chr9:131937294:+|165      31    96  (104) + G-rich       Low_complexity         1     65    (0) 342  
   16   22.6  0.0  0.0  chr9:131937294:+|165     150   182   (18) + A-rich       Low_complexity         1     33    (0) 343  
 1679    5.5  0.5  0.0  chr9:132251777:+|131       1   200    (0) C AluY         SINE/Alu            (80)    231     31 344  
   21   14.2  0.0  0.0  chr9:34665383:-|130       64   102   (98) + (GCCCC)n     Simple_repeat          1     39    (0) 345  
   21   14.2  0.0  0.0  chr9:34665383:-|142       64   102   (98) + (GCCCC)n     Simple_repeat          1     39    (0) 346  
   21   14.2  0.0  0.0  chr9:34665385:-|248       66   104   (96) + (GCCCC)n     Simple_repeat          1     39    (0) 347  
  344    9.1  0.0  0.0  chr9:37885429:-|134        1    44  (156) + 7SLRNA       srpRNA                22     65  (255) 348  
   27    0.0  0.0  0.0  chr9:37885429:-|134      165   190   (10) + (T)n         Simple_repeat          1     26    (0) 349  
  351   23.2  0.0  0.0  chr9:45356010:-|136      130   198    (2) C L1M4         LINE/L1            (564)   5610   5542 350  
   13   19.9  3.4  7.0  chr9:99179779:+|113      142   200    (0) + (CCGC)n      Simple_repeat          1     57    (0) 351  
 1489    7.2  0.0  0.5  chrX:122782446:-|364       1   196    (4) C L1P3         LINE/L1           (5775)    686    492 352  
 1223   11.6 16.6  0.0  chrX:122980589:-|366       2   200    (0) C LTR8B        LTR/ERV1           (230)    590    359 353  
  396   20.0  2.3  2.3  chrX:73471597:+|381        2    88  (112) + MER21C       LTR/ERVL             284    370  (568) 354  
  302   11.1  0.0  0.0  chrX:73471597:+|381      156   200    (0) + MER21C       LTR/ERVL             783    827  (111) 355  
